    Checking cfg-if v1.0.4
    Checking foldhash v0.2.0
    Checking allocator-api2 v0.2.21
    Checking equivalent v1.0.2
    Checking libc v0.2.186
    Checking bitflags v2.13.0
    Checking serde_core v1.0.228
    Checking log v0.4.29
    Checking itoa v1.0.18
    Checking smallvec v1.15.1
   Compiling strsim v0.11.1
    Checking scopeguard v1.2.0
    Checking either v1.15.0
    Checking lock_api v0.4.14
    Checking thiserror v2.0.18
    Checking castaway v0.2.4
    Checking hashbrown v0.16.1
   Compiling darling_core v0.23.0
    Checking hashbrown v0.17.1
    Checking ryu v1.0.23
    Checking itertools v0.14.0
   Compiling unicode-segmentation v1.13.0
    Checking unicode-width v0.2.0
   Compiling winnow v1.0.3
    Checking static_assertions v1.1.0
   Compiling indexmap v2.13.0
    Checking lru v0.18.0
    Checking compact_str v0.9.1
    Checking kasuari v0.4.12
    Checking errno v0.3.14
    Checking signal-hook-registry v1.4.8
    Checking parking_lot_core v0.9.12
    Checking mio v1.2.1
   Compiling convert_case v0.10.0
    Checking parking_lot v0.12.5
    Checking strum v0.28.0
    Checking critical-section v1.2.0
    Checking typenum v1.20.1
    Checking once_cell v1.21.4
    Checking unicode-truncate v2.0.1
   Compiling derive_more-impl v2.1.1
    Checking signal-hook v0.3.18
    Checking ratatui-core v0.1.2
    Checking memchr v2.8.0
   Compiling toml_parser v1.1.2+spec-1.1.0
    Checking tracing-core v0.1.36
    Checking num_threads v0.1.7
    Checking powerfmt v0.2.0
    Checking linux-raw-sys v0.12.1
   Compiling toml_edit v0.25.12+spec-1.1.0
    Checking utf8parse v0.2.2
    Checking deranged v0.5.8
    Checking hybrid-array v0.4.12
    Checking time-core v0.1.9
    Checking num-conv v0.2.2
    Checking anstyle-parse v1.0.0
    Checking rustix v1.1.4
    Checking signal-hook-mio v0.2.5
    Checking serde v1.0.228
    Checking line-clipping v0.3.7
    Checking derive_more v2.1.1
    Checking pin-project-lite v0.2.17
    Checking regex-syntax v0.8.10
    Checking is_terminal_polyfill v1.70.2
    Checking colorchoice v1.0.5
   Compiling proc-macro-crate v3.5.0
    Checking anstyle v1.0.14
    Checking anstyle-query v1.1.5
    Checking anstream v1.0.0
    Checking time v0.3.49
    Checking crypto-common v0.2.2
    Checking crossterm v0.29.0
    Checking block-buffer v0.12.1
   Compiling num_enum_derive v0.7.6
    Checking memoffset v0.9.1
   Compiling darling_macro v0.23.0
    Checking regex-automata v0.4.14
    Checking zmij v1.0.21
    Checking toml_datetime v1.1.1+spec-1.1.0
    Checking clap_lex v1.1.0
    Checking option-ext v0.2.0
    Checking lazy_static v1.5.0
    Checking toml_writer v1.1.1+spec-1.1.0
    Checking const-oid v0.10.2
    Checking clap_builder v4.6.0
   Compiling darling v0.23.0
    Checking sharded-slab v0.1.7
    Checking dirs-sys v0.5.0
    Checking digest v0.11.3
   Compiling instability v0.3.12
    Checking ref-cast v1.0.25
    Checking tracing v0.1.44
    Checking zerocopy v0.8.47
    Checking serde_json v1.0.150
    Checking ratatui-widgets v0.3.2
    Checking ratatui-crossterm v0.1.2
    Checking nix v0.30.1
    Checking num-traits v0.2.19
    Checking num_enum v0.7.6
    Checking tracing-serde v0.2.0
    Checking tracing-log v0.2.0
    Checking serde_spanned v1.1.1
    Checking socket2 v0.6.3
    Checking matchers v0.2.0
    Checking page_size v0.6.0
    Checking thread_local v1.1.9
    Checking cpufeatures v0.3.0
   Compiling file-guard v0.1.2 (/tmp/file-guard)
    Checking iana-time-zone v0.1.65
    Checking bytes v1.11.1
    Checking nu-ansi-term v0.50.3
    Checking chrono v0.4.45
    Checking ratatui-macros v0.7.2
    Checking ratatui v0.30.2
    Checking clap v4.6.1
    Checking tracing-subscriber v0.3.23
    Checking sha2 v0.11.0
    Checking toml v1.1.2+spec-1.1.0
    Checking tokio v1.52.3
    Checking anyhow v1.0.102
    Checking dirs v6.0.0
    Checking sysinfo v0.39.3
    Checking fs2 v0.4.3
    Checking hex v0.4.3
    Checking fuser v0.17.0
    Finished `dev` profile [unoptimized + debuginfo] target(s) in 9.71s
